0 info it worked if it ends with ok
1 verbose cli [ 'node', '/usr/local/bin/npm', 'publish' ]
2 info using npm@2.5.1
3 info using node@v0.12.0
4 verbose publish [ '.' ]
5 silly cache add args [ '.', null ]
6 verbose cache add spec .
7 silly cache add parsed spec { raw: '.',
7 silly cache add   scope: null,
7 silly cache add   name: null,
7 silly cache add   rawSpec: '.',
7 silly cache add   spec: '/Users/sdavenpo/code/personal/fgeo',
7 silly cache add   type: 'directory' }
8 verbose addLocalDirectory /Users/sdavenpo/.npm/fgeo/1.0.2/package.tgz not in flight; packing
9 verbose tar pack [ '/Users/sdavenpo/.npm/fgeo/1.0.2/package.tgz',
9 verbose tar pack   '/Users/sdavenpo/code/personal/fgeo' ]
10 verbose tarball /Users/sdavenpo/.npm/fgeo/1.0.2/package.tgz
11 verbose folder /Users/sdavenpo/code/personal/fgeo
12 info prepublish fgeo@1.0.2
13 verbose unsafe-perm in lifecycle true
14 verbose addLocalTarball adding from inside cache /Users/sdavenpo/.npm/fgeo/1.0.2/package.tgz
15 silly cache afterAdd fgeo@1.0.2
16 verbose afterAdd /Users/sdavenpo/.npm/fgeo/1.0.2/package/package.json not in flight; writing
17 verbose afterAdd /Users/sdavenpo/.npm/fgeo/1.0.2/package/package.json written
18 silly publish { name: 'fgeo',
18 silly publish   version: '1.0.2',
18 silly publish   description: 'Functional Geometry Utilities',
18 silly publish   main: 'dist/fgeo.js',
18 silly publish   scripts:
18 silly publish    { test: 'echo "Error: no test specified" && exit 1',
18 silly publish      compile: 'babel lib -sd dist',
18 silly publish      prepublish: 'npm run compile' },
18 silly publish   repository:
18 silly publish    { type: 'git',
18 silly publish      url: 'https://github.com/SethDavenport/fgeo.git' },
18 silly publish   keywords: [ 'Geometry', 'Functional', 'Path', 'Point', 'Circle' ],
18 silly publish   author: { name: 'seth.e.davenport@gmail.com' },
18 silly publish   license: 'MIT',
18 silly publish   bugs: { url: 'https://github.com/SethDavenport/fgeo/issues' },
18 silly publish   homepage: 'https://github.com/SethDavenport/fgeo',
18 silly publish   devDependencies: { babel: '^5.8.21' },
18 silly publish   dependencies: { ramda: '^0.17.1' },
18 silly publish   readme: '# fgeo - Functional Geometry\n\nA small set of utilities for doing geometric calculations in a functional-programming style.\n\nSlow but curried... nom.\n',
18 silly publish   readmeFilename: 'README.md',
18 silly publish   gitHead: 'c723cdc5c719f121569d544d4762be2f64e1e694',
18 silly publish   _id: 'fgeo@1.0.2',
18 silly publish   _shasum: '3ff5c566f0dff12294155864950d0568057b5f48',
18 silly publish   _from: '.' }
19 silly mapToRegistry name fgeo
20 silly mapToRegistry using default registry
21 silly mapToRegistry registry https://registry.npmjs.org/
22 silly mapToRegistry uri https://registry.npmjs.org/fgeo
23 verbose publish registryBase https://registry.npmjs.org/
24 silly publish uploading /Users/sdavenpo/.npm/fgeo/1.0.2/package.tgz
25 verbose request uri https://registry.npmjs.org/fgeo
26 verbose request sending authorization for write operation
27 info attempt registry request try #1 at 10:16:36 PM
28 verbose request using bearer token for auth
29 verbose request id 666bce60eba07f6d
30 http request PUT https://registry.npmjs.org/fgeo
31 http 403 https://registry.npmjs.org/fgeo
32 verbose headers { 'content-type': 'application/json',
32 verbose headers   'cache-control': 'max-age=60',
32 verbose headers   'content-length': '95',
32 verbose headers   'accept-ranges': 'bytes',
32 verbose headers   date: 'Tue, 18 Aug 2015 02:16:37 GMT',
32 verbose headers   via: '1.1 varnish',
32 verbose headers   connection: 'keep-alive',
32 verbose headers   'x-served-by': 'cache-dfw1834-DFW',
32 verbose headers   'x-cache': 'MISS',
32 verbose headers   'x-cache-hits': '0',
32 verbose headers   'x-timer': 'S1439864196.636659,VS0,VE765' }
33 verbose request invalidating /Users/sdavenpo/.npm/registry.npmjs.org/fgeo on PUT
34 error publish Failed PUT 403
35 verbose stack Error: "You cannot publish over the previously published version 1.0.2." : fgeo
35 verbose stack     at CachingRegistryClient.<anonymous> (/usr/local/lib/node_modules/npm/node_modules/npm-registry-client/lib/request.js:254:14)
35 verbose stack     at Request._callback (/usr/local/lib/node_modules/npm/node_modules/npm-registry-client/lib/request.js:178:14)
35 verbose stack     at Request.self.callback (/usr/local/lib/node_modules/npm/node_modules/request/request.js:344:22)
35 verbose stack     at Request.emit (events.js:110:17)
35 verbose stack     at Request.<anonymous> (/usr/local/lib/node_modules/npm/node_modules/request/request.js:1239:14)
35 verbose stack     at Request.emit (events.js:129:20)
35 verbose stack     at IncomingMessage.<anonymous> (/usr/local/lib/node_modules/npm/node_modules/request/request.js:1187:12)
35 verbose stack     at IncomingMessage.emit (events.js:129:20)
35 verbose stack     at _stream_readable.js:908:16
35 verbose stack     at process._tickCallback (node.js:355:11)
36 verbose statusCode 403
37 verbose pkgid fgeo
38 verbose cwd /Users/sdavenpo/code/personal/fgeo
39 error Darwin 14.5.0
40 error argv "node" "/usr/local/bin/npm" "publish"
41 error node v0.12.0
42 error npm  v2.5.1
43 error code E403
44 error "You cannot publish over the previously published version 1.0.2." : fgeo
45 error If you need help, you may report this error at:
45 error     <http://github.com/npm/npm/issues>
46 verbose exit [ 1, true ]
